Flow report for BitClock
Thu Jan 01 12:45:07 2015
Quartus II 64-Bit Version 13.1.0 Build 162 10/23/2013 SJ Web Edition


---------------------
; Table of Contents ;
---------------------
  1. Legal Notice
  2. Flow Summary
  3. Flow Settings
  4. Flow Non-Default Global Settings
  5. Flow Elapsed Time
  6. Flow OS Summary
  7. Flow Log
  8. Flow Messages
  9. Flow Suppressed Messages



----------------
; Legal Notice ;
----------------
Copyright (C) 1991-2013 Altera Corporation
Your use of Altera Corporation's design tools, logic functions 
and other software and tools, and its AMPP partner logic 
functions, and any output files from any of the foregoing 
(including device programming or simulation files), and any 
associated documentation or information are expressly subject 
to the terms and conditions of the Altera Program License 
Subscription Agreement, Altera MegaCore Function License 
Agreement, or other applicable license agreement, including, 
without limitation, that your use is for the sole purpose of 
programming logic devices manufactured by Altera and sold by 
Altera or its authorized distributors.  Please refer to the 
applicable agreement for further details.



+---------------------------------------------------------------------------------+
; Flow Summary                                                                    ;
+------------------------------------+--------------------------------------------+
; Flow Status                        ; Successful - Thu Jan 01 12:44:56 2015      ;
; Quartus II 64-Bit Version          ; 13.1.0 Build 162 10/23/2013 SJ Web Edition ;
; Revision Name                      ; BitClock                                   ;
; Top-level Entity Name              ; BitClock                                   ;
; Family                             ; Cyclone III                                ;
; Device                             ; EP3C16F484C6                               ;
; Timing Models                      ; Final                                      ;
; Total logic elements               ; 111 / 15,408 ( < 1 % )                     ;
;     Total combinational functions  ; 111 / 15,408 ( < 1 % )                     ;
;     Dedicated logic registers      ; 65 / 15,408 ( < 1 % )                      ;
; Total registers                    ; 65                                         ;
; Total pins                         ; 10 / 347 ( 3 % )                           ;
; Total virtual pins                 ; 0                                          ;
; Total memory bits                  ; 0 / 516,096 ( 0 % )                        ;
; Embedded Multiplier 9-bit elements ; 0 / 112 ( 0 % )                            ;
; Total PLLs                         ; 1 / 4 ( 25 % )                             ;
+------------------------------------+--------------------------------------------+


+-----------------------------------------+
; Flow Settings                           ;
+-------------------+---------------------+
; Option            ; Setting             ;
+-------------------+---------------------+
; Start date & time ; 01/01/2015 12:44:23 ;
; Main task         ; Compilation         ;
; Revision Name     ; BitClock            ;
+-------------------+---------------------+


+----------------------------------------------------------------------------------------------------------------------+
; Flow Non-Default Global Settings                                                                                     ;
+-------------------------------------+---------------------------------+---------------+-------------+----------------+
; Assignment Name                     ; Value                           ; Default Value ; Entity Name ; Section Id     ;
+-------------------------------------+---------------------------------+---------------+-------------+----------------+
; COMPILER_SIGNATURE_ID               ; 220314649374825.142013786200444 ; --            ; --          ; --             ;
; IP_TOOL_NAME                        ; ALTPLL                          ; --            ; --          ; --             ;
; IP_TOOL_VERSION                     ; 9.0                             ; --            ; --          ; --             ;
; MAX_CORE_JUNCTION_TEMP              ; 85                              ; --            ; --          ; --             ;
; MIN_CORE_JUNCTION_TEMP              ; 0                               ; --            ; --          ; --             ;
; MISC_FILE                           ; fast_clock_bb.v                 ; --            ; --          ; --             ;
; MISC_FILE                           ; fast_clock.ppf                  ; --            ; --          ; --             ;
; NOMINAL_CORE_SUPPLY_VOLTAGE         ; 1.2V                            ; --            ; --          ; --             ;
; PARTITION_COLOR                     ; 16764057                        ; --            ; --          ; Top            ;
; PARTITION_FITTER_PRESERVATION_LEVEL ; PLACEMENT_AND_ROUTING           ; --            ; --          ; Top            ;
; PARTITION_NETLIST_TYPE              ; SOURCE                          ; --            ; --          ; Top            ;
; USE_GENERATED_PHYSICAL_CONSTRAINTS  ; Off                             ; --            ; --          ; eda_blast_fpga ;
+-------------------------------------+---------------------------------+---------------+-------------+----------------+


+-------------------------------------------------------------------------------------------------------------------------------+
; Flow Elapsed Time                                                                                                             ;
+---------------------------+--------------+-------------------------+---------------------+------------------------------------+
; Module Name               ; Elapsed Time ; Average Processors Used ; Peak Virtual Memory ; Total CPU Time (on all processors) ;
+---------------------------+--------------+-------------------------+---------------------+------------------------------------+
; Analysis & Synthesis      ; 00:00:07     ; 1.0                     ; 477 MB              ; 00:00:03                           ;
; Fitter                    ; 00:00:10     ; 1.0                     ; 797 MB              ; 00:00:06                           ;
; Assembler                 ; 00:00:03     ; 1.0                     ; 441 MB              ; 00:00:02                           ;
; TimeQuest Timing Analyzer ; 00:00:09     ; 1.0                     ; 490 MB              ; 00:00:03                           ;
; Total                     ; 00:00:29     ; --                      ; --                  ; 00:00:14                           ;
+---------------------------+--------------+-------------------------+---------------------+------------------------------------+


+----------------------------------------------------------------------------------------+
; Flow OS Summary                                                                        ;
+---------------------------+------------------+-----------+------------+----------------+
; Module Name               ; Machine Hostname ; OS Name   ; OS Version ; Processor type ;
+---------------------------+------------------+-----------+------------+----------------+
; Analysis & Synthesis      ; shop-PC          ; Windows 7 ; 6.1        ; x86_64         ;
; Fitter                    ; shop-PC          ; Windows 7 ; 6.1        ; x86_64         ;
; Assembler                 ; shop-PC          ; Windows 7 ; 6.1        ; x86_64         ;
; TimeQuest Timing Analyzer ; shop-PC          ; Windows 7 ; 6.1        ; x86_64         ;
+---------------------------+------------------+-----------+------------+----------------+


------------
; Flow Log ;
------------
quartus_map --read_settings_files=on --write_settings_files=off BitClock -c BitClock
quartus_fit --read_settings_files=off --write_settings_files=off BitClock -c BitClock
quartus_asm --read_settings_files=off --write_settings_files=off BitClock -c BitClock
quartus_sta BitClock -c BitClock



