Flow report for LCD_Driver
Tue Dec 30 13:28:32 2014
Quartus II Version 9.0 Build 132 02/25/2009 SJ Web Edition


---------------------
; Table of Contents ;
---------------------
  1. Legal Notice
  2. Flow Summary
  3. Flow Settings
  4. Flow Non-Default Global Settings
  5. Flow Elapsed Time
  6. Flow OS Summary
  7. Flow Log



----------------
; Legal Notice ;
----------------
Copyright (C) 1991-2009 Altera Corporation
Your use of Altera Corporation's design tools, logic functions 
and other software and tools, and its AMPP partner logic 
functions, and any output files from any of the foregoing 
(including device programming or simulation files), and any 
associated documentation or information are expressly subject 
to the terms and conditions of the Altera Program License 
Subscription Agreement, Altera MegaCore Function License 
Agreement, or other applicable license agreement, including, 
without limitation, that your use is for the sole purpose of 
programming logic devices manufactured by Altera and sold by 
Altera or its authorized distributors.  Please refer to the 
applicable agreement for further details.



+------------------------------------------------------------------------------+
; Flow Summary                                                                 ;
+------------------------------------+-----------------------------------------+
; Flow Status                        ; Successful - Tue Dec 30 13:28:32 2014   ;
; Quartus II Version                 ; 9.0 Build 132 02/25/2009 SJ Web Edition ;
; Revision Name                      ; LCD_Driver                              ;
; Top-level Entity Name              ; LCD_Driver                              ;
; Family                             ; Cyclone III                             ;
; Device                             ; EP3C16F484C6                            ;
; Timing Models                      ; Final                                   ;
; Met timing requirements            ; N/A                                     ;
; Total logic elements               ; 24                                      ;
;     Total combinational functions  ; 24                                      ;
;     Dedicated logic registers      ; 24                                      ;
; Total registers                    ; 24                                      ;
; Total pins                         ; 8                                       ;
; Total virtual pins                 ; 0                                       ;
; Total memory bits                  ; 0                                       ;
; Embedded Multiplier 9-bit elements ; 0                                       ;
; Total PLLs                         ; 0                                       ;
+------------------------------------+-----------------------------------------+


+-----------------------------------------+
; Flow Settings                           ;
+-------------------+---------------------+
; Option            ; Setting             ;
+-------------------+---------------------+
; Start date & time ; 12/30/2014 13:28:26 ;
; Main task         ; Compilation         ;
; Revision Name     ; LCD_Driver          ;
+-------------------+---------------------+


+--------------------------------------------------------------------------------------------------------------------------------------------------------+
; Flow Non-Default Global Settings                                                                                                                       ;
+------------------------------------+--------------------------------------------------------------------+---------------+-------------+----------------+
; Assignment Name                    ; Value                                                              ; Default Value ; Entity Name ; Section Id     ;
+------------------------------------+--------------------------------------------------------------------+---------------+-------------+----------------+
; COMPILER_SIGNATURE_ID              ; 220314649374825.141996770503524                                    ; --            ; --          ; --             ;
; IP_TOOL_NAME                       ; ALTPLL                                                             ; --            ; --          ; --             ;
; IP_TOOL_VERSION                    ; 9.0                                                                ; --            ; --          ; --             ;
; MAX_CORE_JUNCTION_TEMP             ; 85                                                                 ; --            ; --          ; --             ;
; MIN_CORE_JUNCTION_TEMP             ; 0                                                                  ; --            ; --          ; --             ;
; MISC_FILE                          ; \\Benheck-server\tbhs\Episode 169 - FPGA\LCD_Driver\LCD_Driver.dpf ; --            ; --          ; --             ;
; MISC_FILE                          ; super_clocker_bb.v                                                 ; --            ; --          ; --             ;
; MISC_FILE                          ; super_clocker.ppf                                                  ; --            ; --          ; --             ;
; NOMINAL_CORE_SUPPLY_VOLTAGE        ; 1.2V                                                               ; --            ; --          ; --             ;
; PARTITION_COLOR                    ; 16764057                                                           ; --            ; --          ; Top            ;
; PARTITION_NETLIST_TYPE             ; SOURCE                                                             ; --            ; --          ; Top            ;
; USE_GENERATED_PHYSICAL_CONSTRAINTS ; Off                                                                ; --            ; --          ; eda_blast_fpga ;
+------------------------------------+--------------------------------------------------------------------+---------------+-------------+----------------+


+--------------------------------------------------------------------------------------------------------------------------+
; Flow Elapsed Time                                                                                                        ;
+----------------------+--------------+-------------------------+---------------------+------------------------------------+
; Module Name          ; Elapsed Time ; Average Processors Used ; Peak Virtual Memory ; Total CPU Time (on all processors) ;
+----------------------+--------------+-------------------------+---------------------+------------------------------------+
; Analysis & Synthesis ; 00:00:08     ; 1.0                     ; 216 MB              ; 00:00:02                           ;
; Total                ; 00:00:08     ; --                      ; --                  ; 00:00:02                           ;
+----------------------+--------------+-------------------------+---------------------+------------------------------------+


+---------------------------------------------------------------------------------------+
; Flow OS Summary                                                                       ;
+----------------------+------------------+---------------+------------+----------------+
; Module Name          ; Machine Hostname ; OS Name       ; OS Version ; Processor type ;
+----------------------+------------------+---------------+------------+----------------+
; Analysis & Synthesis ; shop-PC          ; Windows Vista ; 6.1        ; x86_64         ;
+----------------------+------------------+---------------+------------+----------------+


------------
; Flow Log ;
------------
quartus_map --read_settings_files=on --write_settings_files=off LCD_Driver -c LCD_Driver



